Using pre-set license
Built from '2020.3/release' branch; Version is '2020.3.1f1 (77a89f25062f) revision 7841951'; Using compiler version '192528614'; Build Type 'Release'
OS: 'Windows 10 Pro; OS build 19042.928; Version 2009; 64bit' Language: 'en' Physical Memory: 24516 MB
BatchMode: 1, IsHumanControllingUs: 0, StartBugReporterOnCrash: 0, Is64bit: 1, IsPro: 0

 COMMAND LINE ARGUMENTS:
C:\Program Files\Unity\Hub\Editor\2020.3.1f1\Editor\Unity.exe
-adb2
-batchMode
-noUpm
-name
AssetImportWorker0
-projectPath
D:/Projects/AIE-The-Good-Fight-Assignment-3/The Good Fight Ryan
-logFile
Logs/AssetImportWorker0.log
-srvPort
50159
Successfully changed project path to: D:/Projects/AIE-The-Good-Fight-Assignment-3/The Good Fight Ryan
D:/Projects/AIE-The-Good-Fight-Assignment-3/The Good Fight Ryan
Using Asset Import Pipeline V2.
Refreshing native plugins compatible for Editor in 23.25 ms, found 0 plugins.
Preloading 0 native plugins for Editor in 0.00 ms.
Initialize engine version: 2020.3.1f1 (77a89f25062f)
[Subsystems] Discovering subsystems at path C:/Program Files/Unity/Hub/Editor/2020.3.1f1/Editor/Data/Resources/UnitySubsystems
[Subsystems] Discovering subsystems at path D:/Projects/AIE-The-Good-Fight-Assignment-3/The Good Fight Ryan/Assets
GfxDevice: creating device client; threaded=0
Direct3D:
    Version:  Direct3D 11.0 [level 11.1]
    Renderer: NVIDIA GeForce GTX 1060 6GB (ID=0x1c03)
    Vendor:   
    VRAM:     6052 MB
    Driver:   27.21.14.6611
Initialize mono
Mono path[0] = 'C:/Program Files/Unity/Hub/Editor/2020.3.1f1/Editor/Data/Managed'
Mono path[1] = 'C:/Program Files/Unity/Hub/Editor/2020.3.1f1/Editor/Data/MonoBleedingEdge/lib/mono/unityjit'
Mono config path = 'C:/Program Files/Unity/Hub/Editor/2020.3.1f1/Editor/Data/MonoBleedingEdge/etc'
Using monoOptions --debugger-agent=transport=dt_socket,embedding=1,server=y,suspend=n,address=127.0.0.1:56632
Begin MonoManager ReloadAssembly
Registering precompiled unity dll's ...
Register platform support module: C:/Program Files/Unity/Hub/Editor/2020.3.1f1/Editor/Data/PlaybackEngines/WebGLSupport/UnityEditor.WebGL.Extensions.dll
Register platform support module: C:/Program Files/Unity/Hub/Editor/2020.3.1f1/Editor/Data/PlaybackEngines/WindowsStandaloneSupport/UnityEditor.WindowsStandalone.Extensions.dll
Registered in 0.002389 seconds.
Native extension for WindowsStandalone target not found
Native extension for WebGL target not found
Refreshing native plugins compatible for Editor in 29.07 ms, found 0 plugins.
Preloading 0 native plugins for Editor in 0.00 ms.
Invoked RoslynAnalysisRunner static constructor.
RoslynAnalysisRunner will not be running.
RoslynAnalysisRunner has terminated.
Mono: successfully reloaded assembly
- Completed reload, in  2.142 seconds
Platform modules already initialized, skipping
Registering precompiled user dll's ...
Registered in 0.000479 seconds.
Begin MonoManager ReloadAssembly
Native extension for WindowsStandalone target not found
Native extension for WebGL target not found
Refreshing native plugins compatible for Editor in 0.18 ms, found 0 plugins.
Preloading 0 native plugins for Editor in 0.00 ms.
Invoked RoslynAnalysisRunner static constructor.
RoslynAnalysisRunner will not be running.
RoslynAnalysisRunner has terminated.
Mono: successfully reloaded assembly
- Completed reload, in  0.835 seconds
Platform modules already initialized, skipping
========================================================================
Worker process is ready to serve import requests
Launched and connected shader compiler UnityShaderCompiler.exe after 0.05 seconds
Refreshing native plugins compatible for Editor in 0.18 ms, found 0 plugins.
Preloading 0 native plugins for Editor in 0.00 ms.
Unloading 1113 Unused Serialized files (Serialized files now loaded: 0)
System memory in use before: 57.0 MB.
System memory in use after: 57.0 MB.

Unloading 10 unused Assets to reduce memory usage. Loaded Objects now: 1555.
Total: 2.900500 ms (FindLiveObjects: 0.195700 ms CreateObjectMapping: 0.155100 ms MarkObjects: 2.435500 ms  DeleteObjects: 0.113200 ms)

========================================================================
Received Import Request.
  path: Assets
  artifactKey: Guid(00000000000000001000000000000000) Importer(815301076,1909f56bfc062723c751e8b465ee728b)
Start importing Assets using Guid(00000000000000001000000000000000) Importer(815301076,1909f56bfc062723c751e8b465ee728b)  -> (artifact id: 'a6374019befeac6ce670f13ba9960efb') in 0.008469 seconds
  Import took 0.010143 seconds .

========================================================================
Received Import Request.
  Time since last request: 13.981231 seconds.
  path: Assets/Scripts
  artifactKey: Guid(48dbb82e4615c6546bfea9868185cb2e) Importer(815301076,1909f56bfc062723c751e8b465ee728b)
Start importing Assets/Scripts using Guid(48dbb82e4615c6546bfea9868185cb2e) Importer(815301076,1909f56bfc062723c751e8b465ee728b)  -> (artifact id: '47d13f9039815c92287b92771b6347d3') in 0.007018 seconds
  Import took 0.009112 seconds .

========================================================================
Received Import Request.
  Time since last request: 16.439436 seconds.
  path: Assets/Models
  artifactKey: Guid(dbba5ff776badc6458af3573c77734af) Importer(815301076,1909f56bfc062723c751e8b465ee728b)
Start importing Assets/Models using Guid(dbba5ff776badc6458af3573c77734af) Importer(815301076,1909f56bfc062723c751e8b465ee728b)  -> (artifact id: '602527cbed71330eee52f418806f7952') in 0.007316 seconds
  Import took 0.009575 seconds .

========================================================================
Received Import Request.
  Time since last request: 14.471553 seconds.
  path: Assets/Prfabs
  artifactKey: Guid(d7534bfda73f4d044b163d0ebac0bd39) Importer(815301076,1909f56bfc062723c751e8b465ee728b)
Start importing Assets/Prfabs using Guid(d7534bfda73f4d044b163d0ebac0bd39) Importer(815301076,1909f56bfc062723c751e8b465ee728b)  -> (artifact id: '257d86cbd7fad5d178293fc6c5281356') in 0.008388 seconds
  Import took 0.011597 seconds .

========================================================================
Received Import Request.
  Time since last request: 30.944133 seconds.
  path: Assets/Texturs
  artifactKey: Guid(9b87fc6fa813775498b33dfd229250b7) Importer(815301076,1909f56bfc062723c751e8b465ee728b)
Start importing Assets/Texturs using Guid(9b87fc6fa813775498b33dfd229250b7) Importer(815301076,1909f56bfc062723c751e8b465ee728b)  -> (artifact id: 'c29e4fa8cb31dfe9040e7aa857926a80') in 0.009750 seconds
  Import took 0.012268 seconds .

========================================================================
Received Import Request.
  Time since last request: 11.221425 seconds.
  path: Assets/Textures
  artifactKey: Guid(9b87fc6fa813775498b33dfd229250b7) Importer(815301076,1909f56bfc062723c751e8b465ee728b)
Start importing Assets/Textures using Guid(9b87fc6fa813775498b33dfd229250b7) Importer(815301076,1909f56bfc062723c751e8b465ee728b)  -> (artifact id: '3fdacb1cdf0ead4db9138be35c9c91f1') in 0.009479 seconds
  Import took 0.011975 seconds .

========================================================================
Received Import Request.
  Time since last request: 11.387806 seconds.
  path: Assets/Audio
  artifactKey: Guid(b602321be421a3d41aff3d881137e701) Importer(815301076,1909f56bfc062723c751e8b465ee728b)
Start importing Assets/Audio using Guid(b602321be421a3d41aff3d881137e701) Importer(815301076,1909f56bfc062723c751e8b465ee728b)  -> (artifact id: '6da3e40a5ddf02cd4b2756197084f67c') in 0.009601 seconds
  Import took 0.012226 seconds .

========================================================================
Received Import Request.
  Time since last request: 0.001274 seconds.
  path: Assets/Audio
  artifactKey: Guid(b602321be421a3d41aff3d881137e701) Importer(815301076,1909f56bfc062723c751e8b465ee728b)
Start importing Assets/Audio using Guid(b602321be421a3d41aff3d881137e701) Importer(815301076,1909f56bfc062723c751e8b465ee728b)  -> (artifact id: '6da3e40a5ddf02cd4b2756197084f67c') in 0.006046 seconds
  Import took 0.008537 seconds .

========================================================================
Received Import Request.
  Time since last request: 22.854723 seconds.
  path: Assets/Materials
  artifactKey: Guid(c5bff49c934a0cc4d836d6895c200324) Importer(815301076,1909f56bfc062723c751e8b465ee728b)
Start importing Assets/Materials using Guid(c5bff49c934a0cc4d836d6895c200324) Importer(815301076,1909f56bfc062723c751e8b465ee728b)  -> (artifact id: '872b37640a58636ba4f4805b5bafdf2c') in 0.006338 seconds
  Import took 0.008500 seconds .

========================================================================
Received Import Request.
  Time since last request: 12.176094 seconds.
  path: Assets/Scenes
  artifactKey: Guid(3d1a50baedcd53e4f89872cf58ad2c55) Importer(815301076,1909f56bfc062723c751e8b465ee728b)
Start importing Assets/Scenes using Guid(3d1a50baedcd53e4f89872cf58ad2c55) Importer(815301076,1909f56bfc062723c751e8b465ee728b)  -> (artifact id: '29a1d22f94740308450dd17236fca3b6') in 0.007361 seconds
  Import took 0.010048 seconds .

========================================================================
Received Import Request.
  Time since last request: 0.004087 seconds.
  path: Assets/Scenes
  artifactKey: Guid(3d1a50baedcd53e4f89872cf58ad2c55) Importer(815301076,1909f56bfc062723c751e8b465ee728b)
Start importing Assets/Scenes using Guid(3d1a50baedcd53e4f89872cf58ad2c55) Importer(815301076,1909f56bfc062723c751e8b465ee728b)  -> (artifact id: '29a1d22f94740308450dd17236fca3b6') in 0.002175 seconds
  Import took 0.004567 seconds .

========================================================================
Received Import Request.
  Time since last request: 0.878189 seconds.
  path: Assets/Scenes/SampleScene.unity
  artifactKey: Guid(9fc0d4010bbf28b4594072e72b8655ab) Importer(815301076,1909f56bfc062723c751e8b465ee728b)
Start importing Assets/Scenes/SampleScene.unity using Guid(9fc0d4010bbf28b4594072e72b8655ab) Importer(815301076,1909f56bfc062723c751e8b465ee728b)  -> (artifact id: '9a0c7bd3eade52b464e03a3fa19ccb01') in 0.016418 seconds
  Import took 0.018281 seconds .

========================================================================
Received Import Request.
  Time since last request: 18.868887 seconds.
  path: Assets/Scenes/TestingScene.unity
  artifactKey: Guid(9fc0d4010bbf28b4594072e72b8655ab) Importer(815301076,1909f56bfc062723c751e8b465ee728b)
Start importing Assets/Scenes/TestingScene.unity using Guid(9fc0d4010bbf28b4594072e72b8655ab) Importer(815301076,1909f56bfc062723c751e8b465ee728b)  -> (artifact id: '99e0d5c8870e3b0c272be8b8d7ca7584') in 0.007839 seconds
  Import took 0.014735 seconds .

