Using pre-set license
Built from '2020.3/release' branch; Version is '2020.3.1f1 (77a89f25062f) revision 7841951'; Using compiler version '192528614'; Build Type 'Release'
OS: 'Windows 10 Pro; OS build 19042.928; Version 2009; 64bit' Language: 'en' Physical Memory: 24516 MB
BatchMode: 1, IsHumanControllingUs: 0, StartBugReporterOnCrash: 0, Is64bit: 1, IsPro: 0

 COMMAND LINE ARGUMENTS:
C:\Program Files\Unity\Hub\Editor\2020.3.1f1\Editor\Unity.exe
-adb2
-batchMode
-noUpm
-name
AssetImportWorker0
-projectPath
D:/Projects/AIE-The-Good-Fight-Assignment-3/The Good Fight Student Project
-logFile
Logs/AssetImportWorker0.log
-srvPort
50290
Successfully changed project path to: D:/Projects/AIE-The-Good-Fight-Assignment-3/The Good Fight Student Project
D:/Projects/AIE-The-Good-Fight-Assignment-3/The Good Fight Student Project
Using Asset Import Pipeline V2.
Refreshing native plugins compatible for Editor in 26.76 ms, found 0 plugins.
Preloading 0 native plugins for Editor in 0.00 ms.
Initialize engine version: 2020.3.1f1 (77a89f25062f)
[Subsystems] Discovering subsystems at path C:/Program Files/Unity/Hub/Editor/2020.3.1f1/Editor/Data/Resources/UnitySubsystems
[Subsystems] Discovering subsystems at path D:/Projects/AIE-The-Good-Fight-Assignment-3/The Good Fight Student Project/Assets
GfxDevice: creating device client; threaded=0
Direct3D:
    Version:  Direct3D 11.0 [level 11.1]
    Renderer: NVIDIA GeForce GTX 1060 6GB (ID=0x1c03)
    Vendor:   
    VRAM:     6052 MB
    Driver:   27.21.14.6611
Initialize mono
Mono path[0] = 'C:/Program Files/Unity/Hub/Editor/2020.3.1f1/Editor/Data/Managed'
Mono path[1] = 'C:/Program Files/Unity/Hub/Editor/2020.3.1f1/Editor/Data/MonoBleedingEdge/lib/mono/unityjit'
Mono config path = 'C:/Program Files/Unity/Hub/Editor/2020.3.1f1/Editor/Data/MonoBleedingEdge/etc'
Using monoOptions --debugger-agent=transport=dt_socket,embedding=1,server=y,suspend=n,address=127.0.0.1:56212
Begin MonoManager ReloadAssembly
Registering precompiled unity dll's ...
Register platform support module: C:/Program Files/Unity/Hub/Editor/2020.3.1f1/Editor/Data/PlaybackEngines/WebGLSupport/UnityEditor.WebGL.Extensions.dll
Register platform support module: C:/Program Files/Unity/Hub/Editor/2020.3.1f1/Editor/Data/PlaybackEngines/WindowsStandaloneSupport/UnityEditor.WindowsStandalone.Extensions.dll
Registered in 0.002704 seconds.
Native extension for WindowsStandalone target not found
Native extension for WebGL target not found
Refreshing native plugins compatible for Editor in 34.66 ms, found 0 plugins.
Preloading 0 native plugins for Editor in 0.00 ms.
Invoked RoslynAnalysisRunner static constructor.
RoslynAnalysisRunner will not be running.
RoslynAnalysisRunner has terminated.
Mono: successfully reloaded assembly
- Completed reload, in  2.171 seconds
Platform modules already initialized, skipping
Registering precompiled user dll's ...
Registered in 0.000634 seconds.
Begin MonoManager ReloadAssembly
Native extension for WindowsStandalone target not found
Native extension for WebGL target not found
Refreshing native plugins compatible for Editor in 0.24 ms, found 0 plugins.
Preloading 0 native plugins for Editor in 0.00 ms.
Invoked RoslynAnalysisRunner static constructor.
RoslynAnalysisRunner will not be running.
RoslynAnalysisRunner has terminated.
Mono: successfully reloaded assembly
- Completed reload, in  0.853 seconds
Platform modules already initialized, skipping
========================================================================
Worker process is ready to serve import requests
Launched and connected shader compiler UnityShaderCompiler.exe after 0.04 seconds
Refreshing native plugins compatible for Editor in 0.24 ms, found 0 plugins.
Preloading 0 native plugins for Editor in 0.00 ms.
Unloading 1482 Unused Serialized files (Serialized files now loaded: 0)
System memory in use before: 74.3 MB.
System memory in use after: 74.3 MB.

Unloading 67 unused Assets to reduce memory usage. Loaded Objects now: 1923.
Total: 2.120400 ms (FindLiveObjects: 0.149500 ms CreateObjectMapping: 0.054100 ms MarkObjects: 1.738900 ms  DeleteObjects: 0.176800 ms)

========================================================================
Received Import Request.
  path: Assets/Prefabs/RoofLight.prefab
  artifactKey: Guid(d8cb5020ef3ec544fbeae5c31d173631) Importer(815301076,1909f56bfc062723c751e8b465ee728b)
Start importing Assets/Prefabs/RoofLight.prefab using Guid(d8cb5020ef3ec544fbeae5c31d173631) Importer(815301076,1909f56bfc062723c751e8b465ee728b)  -> (artifact id: '3977dee6b959763e36892f859311e262') in 0.121361 seconds
  Import took 0.123852 seconds .

========================================================================
Received Import Request.
  Time since last request: 10.309179 seconds.
  path: Assets/Prefabs/Pallet Racke.prefab
  artifactKey: Guid(245a6aa357b590f4fa26216b593fc602) Importer(815301076,1909f56bfc062723c751e8b465ee728b)
Start importing Assets/Prefabs/Pallet Racke.prefab using Guid(245a6aa357b590f4fa26216b593fc602) Importer(815301076,1909f56bfc062723c751e8b465ee728b)  -> (artifact id: 'b355544f74172cb30fd5bb84f6c711c6') in 0.089235 seconds
  Import took 0.092631 seconds .

========================================================================
Received Import Request.
  Time since last request: 21.655015 seconds.
  path: Assets/Prefabs/Pallet Racke.prefab
  artifactKey: Guid(245a6aa357b590f4fa26216b593fc602) Importer(815301076,1909f56bfc062723c751e8b465ee728b)
Start importing Assets/Prefabs/Pallet Racke.prefab using Guid(245a6aa357b590f4fa26216b593fc602) Importer(815301076,1909f56bfc062723c751e8b465ee728b)  -> (artifact id: '5a6ae689de3e774fdbd75fe79a5be6ec') in 0.038530 seconds
  Import took 0.041927 seconds .

========================================================================
Received Import Request.
  Time since last request: 254.664847 seconds.
  path: Assets/Prefabs/Floor.prefab
  artifactKey: Guid(4a8f1b50a649c9c4daee1e8da9d58117) Importer(815301076,1909f56bfc062723c751e8b465ee728b)
Start importing Assets/Prefabs/Floor.prefab using Guid(4a8f1b50a649c9c4daee1e8da9d58117) Importer(815301076,1909f56bfc062723c751e8b465ee728b)  -> (artifact id: '5d8db7bda6b935c62bf7c966906da5da') in 0.025806 seconds
  Import took 0.028950 seconds .

========================================================================
Received Import Request.
  Time since last request: 0.001150 seconds.
  path: Assets/Prefabs/Floor.prefab
  artifactKey: Guid(4a8f1b50a649c9c4daee1e8da9d58117) Importer(815301076,1909f56bfc062723c751e8b465ee728b)
Start importing Assets/Prefabs/Floor.prefab using Guid(4a8f1b50a649c9c4daee1e8da9d58117) Importer(815301076,1909f56bfc062723c751e8b465ee728b)  -> (artifact id: '5d8db7bda6b935c62bf7c966906da5da') in 0.018717 seconds
  Import took 0.021642 seconds .

========================================================================
Received Import Request.
  Time since last request: 30.883595 seconds.
  path: Assets/Prefabs/Floor.prefab
  artifactKey: Guid(4a8f1b50a649c9c4daee1e8da9d58117) Importer(815301076,1909f56bfc062723c751e8b465ee728b)
Start importing Assets/Prefabs/Floor.prefab using Guid(4a8f1b50a649c9c4daee1e8da9d58117) Importer(815301076,1909f56bfc062723c751e8b465ee728b)  -> (artifact id: '30b335c7639f40d3c6eea0d87db9e237') in 0.012951 seconds
  Import took 0.015983 seconds .

========================================================================
Received Import Request.
  Time since last request: 112.972483 seconds.
  path: Assets/Prefabs/roof.prefab
  artifactKey: Guid(677aa2b70f684754dbbfce9223d7601a) Importer(815301076,1909f56bfc062723c751e8b465ee728b)
Start importing Assets/Prefabs/roof.prefab using Guid(677aa2b70f684754dbbfce9223d7601a) Importer(815301076,1909f56bfc062723c751e8b465ee728b)  -> (artifact id: '01d02b691b3e4b1d3e86dd0f4fbfdde6') in 0.026656 seconds
  Import took 0.029341 seconds .

========================================================================
Received Import Request.
  Time since last request: 0.002425 seconds.
  path: Assets/Prefabs/roof.prefab
  artifactKey: Guid(677aa2b70f684754dbbfce9223d7601a) Importer(815301076,1909f56bfc062723c751e8b465ee728b)
Start importing Assets/Prefabs/roof.prefab using Guid(677aa2b70f684754dbbfce9223d7601a) Importer(815301076,1909f56bfc062723c751e8b465ee728b)  -> (artifact id: '01d02b691b3e4b1d3e86dd0f4fbfdde6') in 0.014531 seconds
  Import took 0.017347 seconds .

========================================================================
Received Import Request.
  Time since last request: 10.643408 seconds.
  path: Assets/Prefabs/roof.prefab
  artifactKey: Guid(677aa2b70f684754dbbfce9223d7601a) Importer(815301076,1909f56bfc062723c751e8b465ee728b)
Start importing Assets/Prefabs/roof.prefab using Guid(677aa2b70f684754dbbfce9223d7601a) Importer(815301076,1909f56bfc062723c751e8b465ee728b)  -> (artifact id: '15a5856e0427143ef96c991a286ccd45') in 0.012221 seconds
  Import took 0.015950 seconds .

========================================================================
Received Import Request.
  Time since last request: 91.296436 seconds.
  path: Assets/Prefabs/Wall.prefab
  artifactKey: Guid(4fd5a2966d1cee847a0d06a1df2879a1) Importer(815301076,1909f56bfc062723c751e8b465ee728b)
Start importing Assets/Prefabs/Wall.prefab using Guid(4fd5a2966d1cee847a0d06a1df2879a1) Importer(815301076,1909f56bfc062723c751e8b465ee728b)  -> (artifact id: '41001385c3974111e28b59be8e0a3249') in 0.038436 seconds
  Import took 0.041139 seconds .

========================================================================
Received Import Request.
  Time since last request: 0.008943 seconds.
  path: Assets/Prefabs/Wall.prefab
  artifactKey: Guid(4fd5a2966d1cee847a0d06a1df2879a1) Importer(815301076,1909f56bfc062723c751e8b465ee728b)
Start importing Assets/Prefabs/Wall.prefab using Guid(4fd5a2966d1cee847a0d06a1df2879a1) Importer(815301076,1909f56bfc062723c751e8b465ee728b)  -> (artifact id: '41001385c3974111e28b59be8e0a3249') in 0.017711 seconds
  Import took 0.022220 seconds .

========================================================================
Received Import Request.
  Time since last request: 7.621958 seconds.
  path: Assets/Prefabs/Wall.prefab
  artifactKey: Guid(4fd5a2966d1cee847a0d06a1df2879a1) Importer(815301076,1909f56bfc062723c751e8b465ee728b)
Start importing Assets/Prefabs/Wall.prefab using Guid(4fd5a2966d1cee847a0d06a1df2879a1) Importer(815301076,1909f56bfc062723c751e8b465ee728b)  -> (artifact id: '9e3eb2ec0954cb6eb44dbff6db845a37') in 0.016277 seconds
  Import took 0.019008 seconds .

========================================================================
Received Import Request.
  Time since last request: 227.688821 seconds.
  path: Assets/Prefabs/Piller.prefab
  artifactKey: Guid(7d24a51b3b3db76438192d5bf044b5fb) Importer(815301076,1909f56bfc062723c751e8b465ee728b)
Start importing Assets/Prefabs/Piller.prefab using Guid(7d24a51b3b3db76438192d5bf044b5fb) Importer(815301076,1909f56bfc062723c751e8b465ee728b)  -> (artifact id: '54ad12dbca88052a43c3dce6d84cb37f') in 0.029289 seconds
  Import took 0.032333 seconds .

========================================================================
Received Import Request.
  Time since last request: 0.000636 seconds.
  path: Assets/Prefabs/Piller.prefab
  artifactKey: Guid(7d24a51b3b3db76438192d5bf044b5fb) Importer(815301076,1909f56bfc062723c751e8b465ee728b)
Start importing Assets/Prefabs/Piller.prefab using Guid(7d24a51b3b3db76438192d5bf044b5fb) Importer(815301076,1909f56bfc062723c751e8b465ee728b)  -> (artifact id: '54ad12dbca88052a43c3dce6d84cb37f') in 0.012025 seconds
  Import took 0.014447 seconds .

========================================================================
Received Import Request.
  Time since last request: 69.744910 seconds.
  path: Assets/Prefabs/Piller.prefab
  artifactKey: Guid(7d24a51b3b3db76438192d5bf044b5fb) Importer(815301076,1909f56bfc062723c751e8b465ee728b)
Start importing Assets/Prefabs/Piller.prefab using Guid(7d24a51b3b3db76438192d5bf044b5fb) Importer(815301076,1909f56bfc062723c751e8b465ee728b)  -> (artifact id: '585701075f3a6c49f08a53bb24cf07e8') in 0.008451 seconds
  Import took 0.011178 seconds .

========================================================================
Received Import Request.
  Time since last request: 183.051194 seconds.
  path: Assets/Prefabs/Piller.prefab
  artifactKey: Guid(7d24a51b3b3db76438192d5bf044b5fb) Importer(815301076,1909f56bfc062723c751e8b465ee728b)
Start importing Assets/Prefabs/Piller.prefab using Guid(7d24a51b3b3db76438192d5bf044b5fb) Importer(815301076,1909f56bfc062723c751e8b465ee728b)  -> (artifact id: '3616d6c7978f4160c77f22e7ae9d8d95') in 0.012239 seconds
  Import took 0.015290 seconds .

========================================================================
Received Import Request.
  Time since last request: 31.388444 seconds.
  path: Assets/Prefabs/Shelves (4).prefab
  artifactKey: Guid(2dbfa755f080e394b88c410579a5c446) Importer(815301076,1909f56bfc062723c751e8b465ee728b)
Start importing Assets/Prefabs/Shelves (4).prefab using Guid(2dbfa755f080e394b88c410579a5c446) Importer(815301076,1909f56bfc062723c751e8b465ee728b)  -> (artifact id: '04f4dba326b7d26152af91601db1bfaf') in 0.016501 seconds
  Import took 0.019657 seconds .

========================================================================
Received Import Request.
  Time since last request: 0.010915 seconds.
  path: Assets/Prefabs/Shelves (4).prefab
  artifactKey: Guid(2dbfa755f080e394b88c410579a5c446) Importer(815301076,1909f56bfc062723c751e8b465ee728b)
Start importing Assets/Prefabs/Shelves (4).prefab using Guid(2dbfa755f080e394b88c410579a5c446) Importer(815301076,1909f56bfc062723c751e8b465ee728b)  -> (artifact id: '04f4dba326b7d26152af91601db1bfaf') in 0.012489 seconds
  Import took 0.015271 seconds .

========================================================================
Received Import Request.
  Time since last request: 5.181643 seconds.
  path: Assets/Prefabs/Shelves.prefab
  artifactKey: Guid(2dbfa755f080e394b88c410579a5c446) Importer(815301076,1909f56bfc062723c751e8b465ee728b)
Start importing Assets/Prefabs/Shelves.prefab using Guid(2dbfa755f080e394b88c410579a5c446) Importer(815301076,1909f56bfc062723c751e8b465ee728b)  -> (artifact id: 'dcf20432451fea09f6c6a35980bb9fd7') in 0.018808 seconds
  Import took 0.021688 seconds .

========================================================================
Received Import Request.
  Time since last request: 0.008131 seconds.
  path: Assets/Prefabs/Shelves.prefab
  artifactKey: Guid(2dbfa755f080e394b88c410579a5c446) Importer(815301076,1909f56bfc062723c751e8b465ee728b)
Start importing Assets/Prefabs/Shelves.prefab using Guid(2dbfa755f080e394b88c410579a5c446) Importer(815301076,1909f56bfc062723c751e8b465ee728b)  -> (artifact id: 'dcf20432451fea09f6c6a35980bb9fd7') in 0.010749 seconds
  Import took 0.013521 seconds .

========================================================================
Received Import Request.
  Time since last request: 316.267066 seconds.
  path: Assets/Prefabs/Shelves.prefab
  artifactKey: Guid(2dbfa755f080e394b88c410579a5c446) Importer(815301076,1909f56bfc062723c751e8b465ee728b)
Start importing Assets/Prefabs/Shelves.prefab using Guid(2dbfa755f080e394b88c410579a5c446) Importer(815301076,1909f56bfc062723c751e8b465ee728b)  -> (artifact id: '3249fc2e8e6eee5d7503653af41c951d') in 0.008489 seconds
  Import took 0.011210 seconds .

========================================================================
Received Import Request.
  Time since last request: 272.817331 seconds.
  path: Assets/Prefabs/RoofSupport (1).prefab
  artifactKey: Guid(3e15fb721816d854ca7e7df7c0d56bed) Importer(815301076,1909f56bfc062723c751e8b465ee728b)
Start importing Assets/Prefabs/RoofSupport (1).prefab using Guid(3e15fb721816d854ca7e7df7c0d56bed) Importer(815301076,1909f56bfc062723c751e8b465ee728b)  -> (artifact id: '581b5ddce310efa9e14d4d75f365b6fd') in 0.020795 seconds
  Import took 0.024258 seconds .

========================================================================
Received Import Request.
  Time since last request: 0.000693 seconds.
  path: Assets/Prefabs/RoofSupport (1).prefab
  artifactKey: Guid(3e15fb721816d854ca7e7df7c0d56bed) Importer(815301076,1909f56bfc062723c751e8b465ee728b)
Start importing Assets/Prefabs/RoofSupport (1).prefab using Guid(3e15fb721816d854ca7e7df7c0d56bed) Importer(815301076,1909f56bfc062723c751e8b465ee728b)  -> (artifact id: '581b5ddce310efa9e14d4d75f365b6fd') in 0.017314 seconds
  Import took 0.021814 seconds .

========================================================================
Received Import Request.
  Time since last request: 3.805415 seconds.
  path: Assets/Prefabs/RoofSupport.prefab
  artifactKey: Guid(3e15fb721816d854ca7e7df7c0d56bed) Importer(815301076,1909f56bfc062723c751e8b465ee728b)
Start importing Assets/Prefabs/RoofSupport.prefab using Guid(3e15fb721816d854ca7e7df7c0d56bed) Importer(815301076,1909f56bfc062723c751e8b465ee728b)  -> (artifact id: '34edbdb598bc53a2be7545b9942faa5e') in 0.018921 seconds
  Import took 0.021984 seconds .

========================================================================
Received Import Request.
  Time since last request: 189.665015 seconds.
  path: Assets/Prefabs/RoofSupport.prefab
  artifactKey: Guid(3e15fb721816d854ca7e7df7c0d56bed) Importer(815301076,1909f56bfc062723c751e8b465ee728b)
Start importing Assets/Prefabs/RoofSupport.prefab using Guid(3e15fb721816d854ca7e7df7c0d56bed) Importer(815301076,1909f56bfc062723c751e8b465ee728b)  -> (artifact id: '524664127c08303b73619f2fbe921662') in 0.014106 seconds
  Import took 0.017821 seconds .

========================================================================
Received Import Request.
  Time since last request: 222.711052 seconds.
  path: Assets/Prefabs/Wall_Piller.prefab
  artifactKey: Guid(43961becf5e17d540a657f4849c6601c) Importer(815301076,1909f56bfc062723c751e8b465ee728b)
Start importing Assets/Prefabs/Wall_Piller.prefab using Guid(43961becf5e17d540a657f4849c6601c) Importer(815301076,1909f56bfc062723c751e8b465ee728b)  -> (artifact id: '9b6eb4cf4c3eaa86738adc27fe251523') in 0.062384 seconds
  Import took 0.064831 seconds .

========================================================================
Received Import Request.
  Time since last request: 6.788308 seconds.
  path: Assets/Prefabs/Wall_Piller.prefab
  artifactKey: Guid(43961becf5e17d540a657f4849c6601c) Importer(815301076,1909f56bfc062723c751e8b465ee728b)
Start importing Assets/Prefabs/Wall_Piller.prefab using Guid(43961becf5e17d540a657f4849c6601c) Importer(815301076,1909f56bfc062723c751e8b465ee728b)  -> (artifact id: 'e0446bd199cedab327bc0759e3e3ba07') in 0.007127 seconds
  Import took 0.010044 seconds .

========================================================================
Received Import Request.
  Time since last request: 1878.271796 seconds.
  path: Assets/Prefabs/GarageDoor.prefab
  artifactKey: Guid(59b920365e2d10c46a9caabfc67fe946) Importer(815301076,1909f56bfc062723c751e8b465ee728b)
Start importing Assets/Prefabs/GarageDoor.prefab using Guid(59b920365e2d10c46a9caabfc67fe946) Importer(815301076,1909f56bfc062723c751e8b465ee728b)  -> (artifact id: '19b7e08cca07b9ad5b91db95a49d4730') in 0.052504 seconds
  Import took 0.062670 seconds .

========================================================================
Received Import Request.
  Time since last request: 87.191083 seconds.
  path: Assets/Prefabs/GarageDoor.prefab
  artifactKey: Guid(59b920365e2d10c46a9caabfc67fe946) Importer(815301076,1909f56bfc062723c751e8b465ee728b)
Start importing Assets/Prefabs/GarageDoor.prefab using Guid(59b920365e2d10c46a9caabfc67fe946) Importer(815301076,1909f56bfc062723c751e8b465ee728b)  -> (artifact id: '59a6e677e9d4698acfd9344295d23af4') in 0.009678 seconds
  Import took 0.012192 seconds .

========================================================================
Received Import Request.
  Time since last request: 48.230874 seconds.
  path: Assets/Prefabs/Window.prefab
  artifactKey: Guid(57374f646a2a98446af58088bb4c054b) Importer(815301076,1909f56bfc062723c751e8b465ee728b)
Start importing Assets/Prefabs/Window.prefab using Guid(57374f646a2a98446af58088bb4c054b) Importer(815301076,1909f56bfc062723c751e8b465ee728b)  -> (artifact id: '02c99c0da4029610443976b4ead09b55') in 0.021240 seconds
  Import took 0.023708 seconds .

========================================================================
Received Import Request.
  Time since last request: 0.006389 seconds.
  path: Assets/Prefabs/Window.prefab
  artifactKey: Guid(57374f646a2a98446af58088bb4c054b) Importer(815301076,1909f56bfc062723c751e8b465ee728b)
Start importing Assets/Prefabs/Window.prefab using Guid(57374f646a2a98446af58088bb4c054b) Importer(815301076,1909f56bfc062723c751e8b465ee728b)  -> (artifact id: '02c99c0da4029610443976b4ead09b55') in 0.016358 seconds
  Import took 0.020098 seconds .

========================================================================
Received Import Request.
  Time since last request: 49.746597 seconds.
  path: Assets/Prefabs/Window.prefab
  artifactKey: Guid(57374f646a2a98446af58088bb4c054b) Importer(815301076,1909f56bfc062723c751e8b465ee728b)
Start importing Assets/Prefabs/Window.prefab using Guid(57374f646a2a98446af58088bb4c054b) Importer(815301076,1909f56bfc062723c751e8b465ee728b)  -> (artifact id: '842bfd655818742c9f90e08e4d0a5856') in 0.007634 seconds
  Import took 0.258169 seconds .

========================================================================
Received Import Request.
  Time since last request: 96.932003 seconds.
  path: Assets/Prefabs/RoofLight.prefab
  artifactKey: Guid(d8cb5020ef3ec544fbeae5c31d173631) Importer(815301076,1909f56bfc062723c751e8b465ee728b)
Start importing Assets/Prefabs/RoofLight.prefab using Guid(d8cb5020ef3ec544fbeae5c31d173631) Importer(815301076,1909f56bfc062723c751e8b465ee728b)  -> (artifact id: 'c60550fa4246b73fe7d2188f55742e43') in 0.016839 seconds
  Import took 0.019785 seconds .

========================================================================
Received Import Request.
  Time since last request: 792.554960 seconds.
  path: Assets/Models/Shelves.fbx
  artifactKey: Guid(f4035fd750ffdcb41bd99c4aa43c863d) Importer(815301076,1909f56bfc062723c751e8b465ee728b)
Start importing Assets/Models/Shelves.fbx using Guid(f4035fd750ffdcb41bd99c4aa43c863d) Importer(815301076,1909f56bfc062723c751e8b465ee728b)  -> (artifact id: 'c1382164c3fbe59106d6b539cc16187e') in 0.119562 seconds
  Import took 0.123369 seconds .

========================================================================
Received Import Request.
  Time since last request: 615.517893 seconds.
  path: Assets/Material/roofLightLight.mat
  artifactKey: Guid(cc0250ba39ad69b49a27cea6c2feb109) Importer(815301076,1909f56bfc062723c751e8b465ee728b)
Start importing Assets/Material/roofLightLight.mat using Guid(cc0250ba39ad69b49a27cea6c2feb109) Importer(815301076,1909f56bfc062723c751e8b465ee728b)  -> (artifact id: '018ad68abe47b52fd68e43b03eba9add') in 0.038188 seconds
  Import took 0.041225 seconds .

========================================================================
Received Import Request.
  Time since last request: 3259.785378 seconds.
  path: Assets/Material/roofLightLight.mat
  artifactKey: Guid(cc0250ba39ad69b49a27cea6c2feb109) Importer(815301076,1909f56bfc062723c751e8b465ee728b)
Start importing Assets/Material/roofLightLight.mat using Guid(cc0250ba39ad69b49a27cea6c2feb109) Importer(815301076,1909f56bfc062723c751e8b465ee728b)  -> (artifact id: 'e9ed843802c730d6e2bf8d78642a53cb') in 0.229602 seconds
  Import took 0.236438 seconds .

========================================================================
Received Import Request.
  Time since last request: 279.550200 seconds.
  path: Assets/Prefabs/RoofLight.prefab
  artifactKey: Guid(d8cb5020ef3ec544fbeae5c31d173631) Importer(815301076,1909f56bfc062723c751e8b465ee728b)
Start importing Assets/Prefabs/RoofLight.prefab using Guid(d8cb5020ef3ec544fbeae5c31d173631) Importer(815301076,1909f56bfc062723c751e8b465ee728b)  -> (artifact id: '11d6f7c5cbcd3001484ce61ee6b298db') in 0.028213 seconds
  Import took 0.031784 seconds .

========================================================================
Received Import Request.
  Time since last request: 32.788322 seconds.
  path: Assets/Prefabs/RoofLight.prefab
  artifactKey: Guid(d8cb5020ef3ec544fbeae5c31d173631) Importer(815301076,1909f56bfc062723c751e8b465ee728b)
Start importing Assets/Prefabs/RoofLight.prefab using Guid(d8cb5020ef3ec544fbeae5c31d173631) Importer(815301076,1909f56bfc062723c751e8b465ee728b)  -> (artifact id: 'ebf420b08d4851035e563918d83403a7') in 0.011949 seconds
  Import took 0.015475 seconds .

========================================================================
Received Prepare
Registering precompiled user dll's ...
Registered in 0.000589 seconds.
Begin MonoManager ReloadAssembly
Native extension for WindowsStandalone target not found
Native extension for WebGL target not found
Refreshing native plugins compatible for Editor in 0.25 ms, found 0 plugins.
Preloading 0 native plugins for Editor in 0.00 ms.
Warning: Annotation not found!
UnityEngine.StackTraceUtility:ExtractStackTrace ()
UnityEditor.ProBuilder.EditorUtility:SetGizmoIconEnabled (System.Type,bool) (at Library/PackageCache/com.unity.probuilder@4.5.0/Editor/EditorCore/EditorUtility.cs:593)
UnityEditor.ProBuilder.HierarchyListener:.cctor () (at Library/PackageCache/com.unity.probuilder@4.5.0/Editor/EditorCore/HierarchyListener.cs:21)
System.Runtime.CompilerServices.RuntimeHelpers:RunClassConstructor (System.RuntimeTypeHandle)
UnityEditor.EditorAssemblies:ProcessInitializeOnLoadAttributes (System.Type[])

[Library/PackageCache/com.unity.probuilder@4.5.0/Editor/EditorCore/EditorUtility.cs line 593]

Invoked RoslynAnalysisRunner static constructor.
RoslynAnalysisRunner will not be running.
RoslynAnalysisRunner has terminated.
Mono: successfully reloaded assembly
- Completed reload, in  0.930 seconds
Platform modules already initialized, skipping
Refreshing native plugins compatible for Editor in 0.24 ms, found 0 plugins.
Preloading 0 native plugins for Editor in 0.00 ms.
Unloading 1448 Unused Serialized files (Serialized files now loaded: 0)
System memory in use before: 75.6 MB.
System memory in use after: 75.7 MB.

Unloading 5 unused Assets to reduce memory usage. Loaded Objects now: 1969.
Total: 1.942000 ms (FindLiveObjects: 0.160300 ms CreateObjectMapping: 0.055600 ms MarkObjects: 1.653800 ms  DeleteObjects: 0.071200 ms)

AssetImportWorkerClient::OnTransportError - code=2 error=End of file
