Using pre-set license
Built from '2020.3/release' branch; Version is '2020.3.1f1 (77a89f25062f) revision 7841951'; Using compiler version '192528614'; Build Type 'Release'
OS: 'Windows 10 Pro; OS build 19042.928; Version 2009; 64bit' Language: 'en' Physical Memory: 16144 MB
BatchMode: 1, IsHumanControllingUs: 0, StartBugReporterOnCrash: 0, Is64bit: 1, IsPro: 0

 COMMAND LINE ARGUMENTS:
C:\Program Files\Unity\Hub\Editor\2020.3.1f1\Editor\Unity.exe
-adb2
-batchMode
-noUpm
-name
AssetImportWorker1
-projectPath
C:/Users/benne/OneDrive/Documents/aie/AIE-The-Good-Fight-Assignment-3/The Good Fight Student Project
-logFile
Logs/AssetImportWorker1.log
-srvPort
55922
Successfully changed project path to: C:/Users/benne/OneDrive/Documents/aie/AIE-The-Good-Fight-Assignment-3/The Good Fight Student Project
C:/Users/benne/OneDrive/Documents/aie/AIE-The-Good-Fight-Assignment-3/The Good Fight Student Project
Using Asset Import Pipeline V2.
Refreshing native plugins compatible for Editor in 28.93 ms, found 0 plugins.
Preloading 0 native plugins for Editor in 0.00 ms.
Initialize engine version: 2020.3.1f1 (77a89f25062f)
[Subsystems] Discovering subsystems at path C:/Program Files/Unity/Hub/Editor/2020.3.1f1/Editor/Data/Resources/UnitySubsystems
[Subsystems] Discovering subsystems at path C:/Users/benne/OneDrive/Documents/aie/AIE-The-Good-Fight-Assignment-3/The Good Fight Student Project/Assets
GfxDevice: creating device client; threaded=0
Direct3D:
    Version:  Direct3D 11.0 [level 11.1]
    Renderer: NVIDIA GeForce MX230 (ID=0x1d11)
    Vendor:   
    VRAM:     1984 MB
    Driver:   27.21.14.6611
Initialize mono
Mono path[0] = 'C:/Program Files/Unity/Hub/Editor/2020.3.1f1/Editor/Data/Managed'
Mono path[1] = 'C:/Program Files/Unity/Hub/Editor/2020.3.1f1/Editor/Data/MonoBleedingEdge/lib/mono/unityjit'
Mono config path = 'C:/Program Files/Unity/Hub/Editor/2020.3.1f1/Editor/Data/MonoBleedingEdge/etc'
Using monoOptions --debugger-agent=transport=dt_socket,embedding=1,server=y,suspend=n,address=127.0.0.1:56772
Begin MonoManager ReloadAssembly
Registering precompiled unity dll's ...
Register platform support module: C:/Program Files/Unity/Hub/Editor/2020.3.1f1/Editor/Data/PlaybackEngines/WebGLSupport/UnityEditor.WebGL.Extensions.dll
Register platform support module: C:/Program Files/Unity/Hub/Editor/2020.3.1f1/Editor/Data/PlaybackEngines/WindowsStandaloneSupport/UnityEditor.WindowsStandalone.Extensions.dll
Registered in 0.001917 seconds.
Native extension for WindowsStandalone target not found
Native extension for WebGL target not found
Refreshing native plugins compatible for Editor in 28.84 ms, found 0 plugins.
Preloading 0 native plugins for Editor in 0.00 ms.
Invoked RoslynAnalysisRunner static constructor.
RoslynAnalysisRunner will not be running.
RoslynAnalysisRunner has terminated.
Mono: successfully reloaded assembly
- Completed reload, in  2.284 seconds
Platform modules already initialized, skipping
Registering precompiled user dll's ...
Registered in 0.000694 seconds.
Begin MonoManager ReloadAssembly
Native extension for WindowsStandalone target not found
Native extension for WebGL target not found
Refreshing native plugins compatible for Editor in 0.29 ms, found 0 plugins.
Preloading 0 native plugins for Editor in 0.00 ms.
Invoked RoslynAnalysisRunner static constructor.
RoslynAnalysisRunner will not be running.
RoslynAnalysisRunner has terminated.
Mono: successfully reloaded assembly
- Completed reload, in  1.100 seconds
Platform modules already initialized, skipping
========================================================================
Worker process is ready to serve import requests
Launched and connected shader compiler UnityShaderCompiler.exe after 0.04 seconds
Refreshing native plugins compatible for Editor in 0.32 ms, found 0 plugins.
Preloading 0 native plugins for Editor in 0.00 ms.
Unloading 1481 Unused Serialized files (Serialized files now loaded: 0)
System memory in use before: 72.6 MB.
System memory in use after: 72.6 MB.

Unloading 66 unused Assets to reduce memory usage. Loaded Objects now: 1920.
Total: 4.594200 ms (FindLiveObjects: 0.191500 ms CreateObjectMapping: 1.608600 ms MarkObjects: 2.664900 ms  DeleteObjects: 0.128100 ms)

========================================================================
Received Import Request.
  path: Assets/Material/Gerage.mat
  artifactKey: Guid(f59c066979d19f64db886a9227146a30) Importer(815301076,1909f56bfc062723c751e8b465ee728b)
Start importing Assets/Material/Gerage.mat using Guid(f59c066979d19f64db886a9227146a30) Importer(815301076,1909f56bfc062723c751e8b465ee728b)  -> (artifact id: '552179987b87b59a3c2756d8abce371f') in 0.247826 seconds
  Import took 0.251942 seconds .

========================================================================
Received Import Request.
  Time since last request: 74.105477 seconds.
  path: Assets/Material/Gerage.mat
  artifactKey: Guid(f59c066979d19f64db886a9227146a30) Importer(815301076,1909f56bfc062723c751e8b465ee728b)
Start importing Assets/Material/Gerage.mat using Guid(f59c066979d19f64db886a9227146a30) Importer(815301076,1909f56bfc062723c751e8b465ee728b)  -> (artifact id: 'fd4f0ea504f732ac17db56f6a4fad547') in 0.135350 seconds
  Import took 0.138204 seconds .

