Using pre-set license
Built from '2020.3/release' branch; Version is '2020.3.1f1 (77a89f25062f) revision 7841951'; Using compiler version '192528614'; Build Type 'Release'
OS: 'Windows 10 Pro; OS build 19042.928; Version 2009; 64bit' Language: 'en' Physical Memory: 24516 MB
BatchMode: 1, IsHumanControllingUs: 0, StartBugReporterOnCrash: 0, Is64bit: 1, IsPro: 0

 COMMAND LINE ARGUMENTS:
C:\Program Files\Unity\Hub\Editor\2020.3.1f1\Editor\Unity.exe
-adb2
-batchMode
-noUpm
-name
AssetImportWorker0
-projectPath
D:/Projects/AIE-The-Good-Fight-Assignment-3/The Good Fight Student Project
-logFile
Logs/AssetImportWorker0.log
-srvPort
54147
Successfully changed project path to: D:/Projects/AIE-The-Good-Fight-Assignment-3/The Good Fight Student Project
D:/Projects/AIE-The-Good-Fight-Assignment-3/The Good Fight Student Project
Using Asset Import Pipeline V2.
Refreshing native plugins compatible for Editor in 28.38 ms, found 0 plugins.
Preloading 0 native plugins for Editor in 0.00 ms.
Initialize engine version: 2020.3.1f1 (77a89f25062f)
[Subsystems] Discovering subsystems at path C:/Program Files/Unity/Hub/Editor/2020.3.1f1/Editor/Data/Resources/UnitySubsystems
[Subsystems] Discovering subsystems at path D:/Projects/AIE-The-Good-Fight-Assignment-3/The Good Fight Student Project/Assets
GfxDevice: creating device client; threaded=0
Direct3D:
    Version:  Direct3D 11.0 [level 11.1]
    Renderer: NVIDIA GeForce GTX 1060 6GB (ID=0x1c03)
    Vendor:   
    VRAM:     6052 MB
    Driver:   27.21.14.6611
Initialize mono
Mono path[0] = 'C:/Program Files/Unity/Hub/Editor/2020.3.1f1/Editor/Data/Managed'
Mono path[1] = 'C:/Program Files/Unity/Hub/Editor/2020.3.1f1/Editor/Data/MonoBleedingEdge/lib/mono/unityjit'
Mono config path = 'C:/Program Files/Unity/Hub/Editor/2020.3.1f1/Editor/Data/MonoBleedingEdge/etc'
Using monoOptions --debugger-agent=transport=dt_socket,embedding=1,server=y,suspend=n,address=127.0.0.1:56136
Begin MonoManager ReloadAssembly
Registering precompiled unity dll's ...
Register platform support module: C:/Program Files/Unity/Hub/Editor/2020.3.1f1/Editor/Data/PlaybackEngines/WebGLSupport/UnityEditor.WebGL.Extensions.dll
Register platform support module: C:/Program Files/Unity/Hub/Editor/2020.3.1f1/Editor/Data/PlaybackEngines/WindowsStandaloneSupport/UnityEditor.WindowsStandalone.Extensions.dll
Registered in 0.003240 seconds.
Native extension for WindowsStandalone target not found
Native extension for WebGL target not found
Refreshing native plugins compatible for Editor in 40.84 ms, found 0 plugins.
Preloading 0 native plugins for Editor in 0.00 ms.
Invoked RoslynAnalysisRunner static constructor.
RoslynAnalysisRunner will not be running.
RoslynAnalysisRunner has terminated.
Mono: successfully reloaded assembly
- Completed reload, in  2.413 seconds
Platform modules already initialized, skipping
Registering precompiled user dll's ...
Registered in 0.000724 seconds.
Begin MonoManager ReloadAssembly
Native extension for WindowsStandalone target not found
Native extension for WebGL target not found
Refreshing native plugins compatible for Editor in 0.24 ms, found 0 plugins.
Preloading 0 native plugins for Editor in 0.00 ms.
Invoked RoslynAnalysisRunner static constructor.
RoslynAnalysisRunner will not be running.
RoslynAnalysisRunner has terminated.
Mono: successfully reloaded assembly
- Completed reload, in  0.913 seconds
Platform modules already initialized, skipping
========================================================================
Worker process is ready to serve import requests
Launched and connected shader compiler UnityShaderCompiler.exe after 0.04 seconds
Refreshing native plugins compatible for Editor in 0.25 ms, found 0 plugins.
Preloading 0 native plugins for Editor in 0.00 ms.
Unloading 1482 Unused Serialized files (Serialized files now loaded: 0)
System memory in use before: 72.8 MB.
System memory in use after: 72.9 MB.

Unloading 67 unused Assets to reduce memory usage. Loaded Objects now: 1920.
Total: 2.368600 ms (FindLiveObjects: 0.174900 ms CreateObjectMapping: 0.049300 ms MarkObjects: 1.964500 ms  DeleteObjects: 0.178900 ms)

========================================================================
Received Import Request.
  path: Assets/Models/roof.fbx
  artifactKey: Guid(b12510c5ec3873443844c4cb1093c86f) Importer(815301076,1909f56bfc062723c751e8b465ee728b)
Start importing Assets/Models/roof.fbx using Guid(b12510c5ec3873443844c4cb1093c86f) Importer(815301076,1909f56bfc062723c751e8b465ee728b)  -> (artifact id: '16edc14f3ffae3acbb8313063541652a') in 0.163518 seconds
  Import took 0.165880 seconds .

========================================================================
Received Import Request.
  Time since last request: 0.000348 seconds.
  path: Assets/Models/RoofLight.fbx
  artifactKey: Guid(214473a6bce12344087a8fb32c77aaec) Importer(815301076,1909f56bfc062723c751e8b465ee728b)
Start importing Assets/Models/RoofLight.fbx using Guid(214473a6bce12344087a8fb32c77aaec) Importer(815301076,1909f56bfc062723c751e8b465ee728b)  -> (artifact id: '4eabc411cf7fe70852c4496e033993c5') in 0.023954 seconds
  Import took 0.026203 seconds .

========================================================================
Received Import Request.
  Time since last request: 0.000212 seconds.
  path: Assets/Models/Shelves.fbx
  artifactKey: Guid(f4035fd750ffdcb41bd99c4aa43c863d) Importer(815301076,1909f56bfc062723c751e8b465ee728b)
Start importing Assets/Models/Shelves.fbx using Guid(f4035fd750ffdcb41bd99c4aa43c863d) Importer(815301076,1909f56bfc062723c751e8b465ee728b)  -> (artifact id: '668acdf8b73122026e6b22c41bae1207') in 0.087671 seconds
  Import took 0.089978 seconds .

========================================================================
Received Import Request.
  Time since last request: 0.000214 seconds.
  path: Assets/Models/Wall.fbx
  artifactKey: Guid(6c8008c154faedd4691b876a1c2b79d4) Importer(815301076,1909f56bfc062723c751e8b465ee728b)
Start importing Assets/Models/Wall.fbx using Guid(6c8008c154faedd4691b876a1c2b79d4) Importer(815301076,1909f56bfc062723c751e8b465ee728b)  -> (artifact id: '22a167e248fc64a83a4e59e3f5c43f00') in 0.027685 seconds
  Import took 0.030402 seconds .

========================================================================
Received Import Request.
  Time since last request: 0.000202 seconds.
  path: Assets/Models/Pallet Racke.fbx
  artifactKey: Guid(a7ab972fa4c94de4fae7f2452d83c3f0) Importer(815301076,1909f56bfc062723c751e8b465ee728b)
Start importing Assets/Models/Pallet Racke.fbx using Guid(a7ab972fa4c94de4fae7f2452d83c3f0) Importer(815301076,1909f56bfc062723c751e8b465ee728b)  -> (artifact id: '34bd80bf33b7936dae5786d3caafa473') in 0.021748 seconds
  Import took 0.024473 seconds .

========================================================================
Received Import Request.
  Time since last request: 0.000220 seconds.
  path: Assets/Models/Floor.fbx
  artifactKey: Guid(14f17370fa6068d4e829406e43f753b2) Importer(815301076,1909f56bfc062723c751e8b465ee728b)
Start importing Assets/Models/Floor.fbx using Guid(14f17370fa6068d4e829406e43f753b2) Importer(815301076,1909f56bfc062723c751e8b465ee728b)  -> (artifact id: 'c138658c2349d5369588ba81006e51aa') in 0.034282 seconds
  Import took 0.036729 seconds .

========================================================================
Received Import Request.
  Time since last request: 73.977477 seconds.
  path: Assets/Models/New Lighting Settings.lighting
  artifactKey: Guid(3b2ec34f91f23f04fb7d50965761cc35) Importer(815301076,1909f56bfc062723c751e8b465ee728b)
Start importing Assets/Models/New Lighting Settings.lighting using Guid(3b2ec34f91f23f04fb7d50965761cc35) Importer(815301076,1909f56bfc062723c751e8b465ee728b) LightingSettings: switching bake backend from 1 to 0.
 -> (artifact id: 'f39acb9c8b63d1830f949f4a174d0958') in 0.012877 seconds
  Import took 0.015507 seconds .

========================================================================
Received Import Request.
  Time since last request: 0.028303 seconds.
  path: Assets/Models/New Lighting Settings.lighting
  artifactKey: Guid(3b2ec34f91f23f04fb7d50965761cc35) Importer(815301076,1909f56bfc062723c751e8b465ee728b)
Start importing Assets/Models/New Lighting Settings.lighting using Guid(3b2ec34f91f23f04fb7d50965761cc35) Importer(815301076,1909f56bfc062723c751e8b465ee728b) LightingSettings: switching bake backend from 1 to 0.
 -> (artifact id: 'f39acb9c8b63d1830f949f4a174d0958') in 0.019889 seconds
  Import took 0.022585 seconds .

========================================================================
Received Import Request.
  Time since last request: 339.547907 seconds.
  path: Assets/Models/Piller.fbx
  artifactKey: Guid(670289c302d992949b794bad93e07f2d) Importer(815301076,1909f56bfc062723c751e8b465ee728b)
Start importing Assets/Models/Piller.fbx using Guid(670289c302d992949b794bad93e07f2d) Importer(815301076,1909f56bfc062723c751e8b465ee728b)  -> (artifact id: 'bc7dad23c27b4b495ee7481a296fd94c') in 0.042411 seconds
  Import took 0.047216 seconds .

========================================================================
Received Import Request.
  Time since last request: 0.000204 seconds.
  path: Assets/Models/Shelves.fbx
  artifactKey: Guid(f4035fd750ffdcb41bd99c4aa43c863d) Importer(815301076,1909f56bfc062723c751e8b465ee728b)
Start importing Assets/Models/Shelves.fbx using Guid(f4035fd750ffdcb41bd99c4aa43c863d) Importer(815301076,1909f56bfc062723c751e8b465ee728b)  -> (artifact id: 'ff296acf47fa4100c9585179f3c80128') in 0.029871 seconds
  Import took 0.031976 seconds .

========================================================================
Received Import Request.
  Time since last request: 127.189050 seconds.
  path: Assets/Models/GarageDoor.fbx
  artifactKey: Guid(07121812ef3c5c7418e12da31d1bd2be) Importer(815301076,1909f56bfc062723c751e8b465ee728b)
Start importing Assets/Models/GarageDoor.fbx using Guid(07121812ef3c5c7418e12da31d1bd2be) Importer(815301076,1909f56bfc062723c751e8b465ee728b)  -> (artifact id: 'ed7f30c0632e21b1bc5c31f426c9a732') in 0.043473 seconds
  Import took 0.047835 seconds .

========================================================================
Received Import Request.
  Time since last request: 291.564301 seconds.
  path: Assets/Models/Pallet Racke.fbx
  artifactKey: Guid(a7ab972fa4c94de4fae7f2452d83c3f0) Importer(815301076,1909f56bfc062723c751e8b465ee728b)
Start importing Assets/Models/Pallet Racke.fbx using Guid(a7ab972fa4c94de4fae7f2452d83c3f0) Importer(815301076,1909f56bfc062723c751e8b465ee728b)  -> (artifact id: 'd9a75ade146ea58ae1f1649abc30eebd') in 0.022575 seconds
  Import took 0.027683 seconds .

========================================================================
Received Import Request.
  Time since last request: 0.000260 seconds.
  path: Assets/Models/RoofLight.fbx
  artifactKey: Guid(214473a6bce12344087a8fb32c77aaec) Importer(815301076,1909f56bfc062723c751e8b465ee728b)
Start importing Assets/Models/RoofLight.fbx using Guid(214473a6bce12344087a8fb32c77aaec) Importer(815301076,1909f56bfc062723c751e8b465ee728b)  -> (artifact id: '2ad849b5373c21e5d7341c2e2f05e301') in 0.030135 seconds
  Import took 0.032585 seconds .

========================================================================
Received Import Request.
  Time since last request: 0.000222 seconds.
  path: Assets/Models/RoofSupport.fbx
  artifactKey: Guid(bfbb1077321a04f4f86aed50e5209008) Importer(815301076,1909f56bfc062723c751e8b465ee728b)
Start importing Assets/Models/RoofSupport.fbx using Guid(bfbb1077321a04f4f86aed50e5209008) Importer(815301076,1909f56bfc062723c751e8b465ee728b)  -> (artifact id: 'c0bc53d00ab8095d2b8dff2f4cbcc1d3') in 0.025986 seconds
  Import took 0.028571 seconds .

========================================================================
Received Import Request.
  Time since last request: 0.000272 seconds.
  path: Assets/Models/Window.fbx
  artifactKey: Guid(46fdaf92386204e439b345d47a6c9598) Importer(815301076,1909f56bfc062723c751e8b465ee728b)
Start importing Assets/Models/Window.fbx using Guid(46fdaf92386204e439b345d47a6c9598) Importer(815301076,1909f56bfc062723c751e8b465ee728b)  -> (artifact id: 'f3d30676d553463c760d9baf9c451351') in 0.034477 seconds
  Import took 0.036821 seconds .

========================================================================
Received Import Request.
  Time since last request: 0.000161 seconds.
  path: Assets/Models/RoofSupport.fbx
  artifactKey: Guid(bfbb1077321a04f4f86aed50e5209008) Importer(815301076,1909f56bfc062723c751e8b465ee728b)
Start importing Assets/Models/RoofSupport.fbx using Guid(bfbb1077321a04f4f86aed50e5209008) Importer(815301076,1909f56bfc062723c751e8b465ee728b)  -> (artifact id: 'c0bc53d00ab8095d2b8dff2f4cbcc1d3') in 0.021375 seconds
  Import took 0.023857 seconds .

========================================================================
Received Import Request.
  Time since last request: 1102.610209 seconds.
  path: Assets/Material
  artifactKey: Guid(73776ee9f3437bd4aac8067e4112574d) Importer(815301076,1909f56bfc062723c751e8b465ee728b)
Start importing Assets/Material using Guid(73776ee9f3437bd4aac8067e4112574d) Importer(815301076,1909f56bfc062723c751e8b465ee728b)  -> (artifact id: '7279c32f9e40eb3b81520cc427ac52dd') in 0.007012 seconds
  Import took 0.009736 seconds .

========================================================================
Received Import Request.
  Time since last request: 14.381674 seconds.
  path: Assets/Material/Floor.mat
  artifactKey: Guid(34093ea4170eae74dad9e6279defbbae) Importer(815301076,1909f56bfc062723c751e8b465ee728b)
Start importing Assets/Material/Floor.mat using Guid(34093ea4170eae74dad9e6279defbbae) Importer(815301076,1909f56bfc062723c751e8b465ee728b)  -> (artifact id: 'e49bdf87a178bbc52811610fb466e8a7') in 0.042622 seconds
  Import took 0.045428 seconds .

========================================================================
Received Import Request.
  Time since last request: 47.034640 seconds.
  path: Assets/Material/Roof.mat
  artifactKey: Guid(656d32790a735c048a2dd917b3fd8ff7) Importer(815301076,1909f56bfc062723c751e8b465ee728b)
Start importing Assets/Material/Roof.mat using Guid(656d32790a735c048a2dd917b3fd8ff7) Importer(815301076,1909f56bfc062723c751e8b465ee728b)  -> (artifact id: '704288198ee5728ddd392db6ab517aef') in 0.017067 seconds
  Import took 0.019950 seconds .

========================================================================
Received Import Request.
  Time since last request: 61.475554 seconds.
  path: Assets/Material/Wall.mat
  artifactKey: Guid(cb1b0981a755b464cba77f0561cec683) Importer(815301076,1909f56bfc062723c751e8b465ee728b)
Start importing Assets/Material/Wall.mat using Guid(cb1b0981a755b464cba77f0561cec683) Importer(815301076,1909f56bfc062723c751e8b465ee728b)  -> (artifact id: '8cd8472d0390b67c5197a6924e75364b') in 0.016657 seconds
  Import took 0.020185 seconds .

========================================================================
Received Import Request.
  Time since last request: 41.536475 seconds.
  path: Assets/Material/Floor.mat
  artifactKey: Guid(34093ea4170eae74dad9e6279defbbae) Importer(815301076,1909f56bfc062723c751e8b465ee728b)
Start importing Assets/Material/Floor.mat using Guid(34093ea4170eae74dad9e6279defbbae) Importer(815301076,1909f56bfc062723c751e8b465ee728b)  -> (artifact id: 'c5b290a95e1cd00a01af1efbb9e1a3ce') in 0.011792 seconds
  Import took 0.042102 seconds .

========================================================================
Received Import Request.
  Time since last request: 0.000137 seconds.
  path: Assets/Material/Roof.mat
  artifactKey: Guid(656d32790a735c048a2dd917b3fd8ff7) Importer(815301076,1909f56bfc062723c751e8b465ee728b)
Start importing Assets/Material/Roof.mat using Guid(656d32790a735c048a2dd917b3fd8ff7) Importer(815301076,1909f56bfc062723c751e8b465ee728b)  -> (artifact id: '9cdaf57f2442601449c21eabc73da4bc') in 0.008014 seconds
  Import took 0.013747 seconds .

========================================================================
Received Import Request.
  Time since last request: 0.000110 seconds.
  path: Assets/Material/Wall.mat
  artifactKey: Guid(cb1b0981a755b464cba77f0561cec683) Importer(815301076,1909f56bfc062723c751e8b465ee728b)
Start importing Assets/Material/Wall.mat using Guid(cb1b0981a755b464cba77f0561cec683) Importer(815301076,1909f56bfc062723c751e8b465ee728b)  -> (artifact id: 'f05205c54e8e5b46d6adc3fb91a3343f') in 0.009100 seconds
  Import took 0.012678 seconds .

========================================================================
Received Import Request.
  Time since last request: 7377.764816 seconds.
  path: Assets/Texturs
  artifactKey: Guid(b6a553c8fede7cd49b7a0f9dc5df633f) Importer(815301076,1909f56bfc062723c751e8b465ee728b)
Start importing Assets/Texturs using Guid(b6a553c8fede7cd49b7a0f9dc5df633f) Importer(815301076,1909f56bfc062723c751e8b465ee728b)  -> (artifact id: 'dc27075c902139cfe83272e05ff405da') in 0.008637 seconds
  Import took 0.040373 seconds .

========================================================================
Received Import Request.
  Time since last request: 35.210754 seconds.
  path: Packages/com.unity.probuilder/package.json
  artifactKey: Guid(7958ca6fdf895ca498c5fab155f0b0f1) Importer(815301076,1909f56bfc062723c751e8b465ee728b)
Start importing Packages/com.unity.probuilder/package.json using Guid(7958ca6fdf895ca498c5fab155f0b0f1) Importer(815301076,1909f56bfc062723c751e8b465ee728b)  -> (artifact id: '4d7fe8a6b68615f58a0d06d342481940') in 0.330698 seconds
  Import took 0.348978 seconds .

========================================================================
Received Import Request.
  Time since last request: 69.389027 seconds.
  path: Assets/Textures/Pallet
  artifactKey: Guid(01d0c4dc26fbdb14eab87c54abe66329) Importer(815301076,1909f56bfc062723c751e8b465ee728b)
Start importing Assets/Textures/Pallet using Guid(01d0c4dc26fbdb14eab87c54abe66329) Importer(815301076,1909f56bfc062723c751e8b465ee728b)  -> (artifact id: '3e7c19a8ae3c2d91916a4752187a74f7') in 0.007395 seconds
  Import took 0.042951 seconds .

========================================================================
Received Import Request.
  Time since last request: 0.026926 seconds.
  path: Assets/Textures/Pallet/Pallet_Albedo.png
  artifactKey: Guid(7d9d7a3af46be2c41b4f7779f0ae5ffe) Importer(815301076,1909f56bfc062723c751e8b465ee728b)
Start importing Assets/Textures/Pallet/Pallet_Albedo.png using Guid(7d9d7a3af46be2c41b4f7779f0ae5ffe) Importer(815301076,1909f56bfc062723c751e8b465ee728b)  -> (artifact id: '06812f42e9de4b8c024d2162c6c72ac4') in 0.062807 seconds
  Import took 0.072260 seconds .

========================================================================
Received Import Request.
  Time since last request: 0.000165 seconds.
  path: Assets/Textures/Pallet/Pallet_Metalness.png
  artifactKey: Guid(b9be96f22dc8f594ab03abd5f87e2d3e) Importer(815301076,1909f56bfc062723c751e8b465ee728b)
Start importing Assets/Textures/Pallet/Pallet_Metalness.png using Guid(b9be96f22dc8f594ab03abd5f87e2d3e) Importer(815301076,1909f56bfc062723c751e8b465ee728b)  -> (artifact id: '6547e772eaa26a0dde03aa0716e99dc3') in 0.021994 seconds
  Import took 0.030953 seconds .

========================================================================
Received Import Request.
  Time since last request: 0.000166 seconds.
  path: Assets/Textures/Pallet/Pallet_Normal.png
  artifactKey: Guid(2e8c59a79adf56140aeff9521b405477) Importer(815301076,1909f56bfc062723c751e8b465ee728b)
Start importing Assets/Textures/Pallet/Pallet_Normal.png using Guid(2e8c59a79adf56140aeff9521b405477) Importer(815301076,1909f56bfc062723c751e8b465ee728b)  -> (artifact id: '93906f8e1c9ead55e86628e99cca0199') in 0.016326 seconds
  Import took 0.035462 seconds .

========================================================================
Received Import Request.
  Time since last request: 0.000157 seconds.
  path: Assets/Textures/Pallet/Pallet_Roughness.png
  artifactKey: Guid(c577c2bcadf9b7d47a9c67a4effd07e4) Importer(815301076,1909f56bfc062723c751e8b465ee728b)
Start importing Assets/Textures/Pallet/Pallet_Roughness.png using Guid(c577c2bcadf9b7d47a9c67a4effd07e4) Importer(815301076,1909f56bfc062723c751e8b465ee728b)  -> (artifact id: 'd555e88c4615d5a959d69527c711ecf1') in 0.024443 seconds
  Import took 0.043625 seconds .

========================================================================
Received Import Request.
  Time since last request: 0.000161 seconds.
  path: Assets/Textures/Pallet/Pallet_AO.png
  artifactKey: Guid(b3533eb45a3aa384fbf473058509c451) Importer(815301076,1909f56bfc062723c751e8b465ee728b)
Start importing Assets/Textures/Pallet/Pallet_AO.png using Guid(b3533eb45a3aa384fbf473058509c451) Importer(815301076,1909f56bfc062723c751e8b465ee728b)  -> (artifact id: '1d7938f4b7e85974a4e9d8d13b2faaa1') in 0.012349 seconds
  Import took 0.022031 seconds .

========================================================================
Received Import Request.
  Time since last request: 0.000133 seconds.
  path: Assets/Textures/Pallet/Pallet_Displacement.exr
  artifactKey: Guid(960205a5e8d8d0f448e2992183af475a) Importer(815301076,1909f56bfc062723c751e8b465ee728b)
Start importing Assets/Textures/Pallet/Pallet_Displacement.exr using Guid(960205a5e8d8d0f448e2992183af475a) Importer(815301076,1909f56bfc062723c751e8b465ee728b)  -> (artifact id: '0ad7a78ad59234e505a340864db39922') in 0.029265 seconds
  Import took 0.048248 seconds .

========================================================================
Received Import Request.
  Time since last request: 16.575022 seconds.
  path: Assets/Textures/Pallet/Pallet.mat
  artifactKey: Guid(378936bc8b6e95646b176a0869cc5c52) Importer(815301076,1909f56bfc062723c751e8b465ee728b)
Start importing Assets/Textures/Pallet/Pallet.mat using Guid(378936bc8b6e95646b176a0869cc5c52) Importer(815301076,1909f56bfc062723c751e8b465ee728b)  -> (artifact id: '0da45d2f7a25de2fd1998909454af920') in 0.032705 seconds
  Import took 0.047035 seconds .

========================================================================
Received Import Request.
  Time since last request: 15.844435 seconds.
  path: Assets/Textures/Pallet/Pallet_Normal.png
  artifactKey: Guid(2e8c59a79adf56140aeff9521b405477) Importer(815301076,1909f56bfc062723c751e8b465ee728b)
Start importing Assets/Textures/Pallet/Pallet_Normal.png using Guid(2e8c59a79adf56140aeff9521b405477) Importer(815301076,1909f56bfc062723c751e8b465ee728b)  -> (artifact id: '5ede9cf38cc999aaed4df468746c97cc') in 0.025202 seconds
  Import took 0.028446 seconds .

========================================================================
Received Import Request.
  Time since last request: 360.914763 seconds.
  path: Assets/Textures/Pallet/Pallet_AO.png
  artifactKey: Guid(b3533eb45a3aa384fbf473058509c451) Importer(815301076,1909f56bfc062723c751e8b465ee728b)
Start importing Assets/Textures/Pallet/Pallet_AO.png using Guid(b3533eb45a3aa384fbf473058509c451) Importer(815301076,1909f56bfc062723c751e8b465ee728b)  -> (artifact id: '475acb5a2e8474e902863309ccfa578b') in 0.031579 seconds
  Import took 0.054245 seconds .

========================================================================
Received Import Request.
  Time since last request: 0.000284 seconds.
  path: Assets/Textures/Pallet/Pallet_Diffuse.png
  artifactKey: Guid(d92cdc95c406c5a4db6a68389cc4c824) Importer(815301076,1909f56bfc062723c751e8b465ee728b)
Start importing Assets/Textures/Pallet/Pallet_Diffuse.png using Guid(d92cdc95c406c5a4db6a68389cc4c824) Importer(815301076,1909f56bfc062723c751e8b465ee728b)  -> (artifact id: '9957eb048eeeed3fac95e9c551dcb3b1') in 0.024440 seconds
  Import took 0.039915 seconds .

========================================================================
Received Import Request.
  Time since last request: 0.000145 seconds.
  path: Assets/Textures/Pallet/Pallet_Specular.png
  artifactKey: Guid(84516839555f2dd40a1a4bf661e89c1b) Importer(815301076,1909f56bfc062723c751e8b465ee728b)
Start importing Assets/Textures/Pallet/Pallet_Specular.png using Guid(84516839555f2dd40a1a4bf661e89c1b) Importer(815301076,1909f56bfc062723c751e8b465ee728b)  -> (artifact id: '3f86b621b34785110f5dbefb030d6d79') in 0.026037 seconds
  Import took 0.028256 seconds .

========================================================================
Received Import Request.
  Time since last request: 0.000158 seconds.
  path: Assets/Textures/Pallet/Pallet_Gloss.png
  artifactKey: Guid(39e3fb53f06b9ae4d8fb3da1759e11d1) Importer(815301076,1909f56bfc062723c751e8b465ee728b)
Start importing Assets/Textures/Pallet/Pallet_Gloss.png using Guid(39e3fb53f06b9ae4d8fb3da1759e11d1) Importer(815301076,1909f56bfc062723c751e8b465ee728b)  -> (artifact id: '42ff37ff3c5124c6e271df3ba3810c44') in 0.015599 seconds
  Import took 0.019316 seconds .

========================================================================
Received Import Request.
  Time since last request: 0.000222 seconds.
  path: Assets/Textures/Pallet/Pallet_Normal.png
  artifactKey: Guid(2e8c59a79adf56140aeff9521b405477) Importer(815301076,1909f56bfc062723c751e8b465ee728b)
Start importing Assets/Textures/Pallet/Pallet_Normal.png using Guid(2e8c59a79adf56140aeff9521b405477) Importer(815301076,1909f56bfc062723c751e8b465ee728b)  -> (artifact id: '26ef62ef8dcffb52d6f9936da1a1ec75') in 0.016512 seconds
  Import took 0.022652 seconds .

========================================================================
Received Import Request.
  Time since last request: 0.000174 seconds.
  path: Assets/Textures/Pallet/Pallet_Roughness.png
  artifactKey: Guid(c577c2bcadf9b7d47a9c67a4effd07e4) Importer(815301076,1909f56bfc062723c751e8b465ee728b)
Start importing Assets/Textures/Pallet/Pallet_Roughness.png using Guid(c577c2bcadf9b7d47a9c67a4effd07e4) Importer(815301076,1909f56bfc062723c751e8b465ee728b)  -> (artifact id: '1fba8bc59a6fb4499c103668698c06ca') in 0.021983 seconds
  Import took 0.026013 seconds .

========================================================================
Received Import Request.
  Time since last request: 0.000166 seconds.
  path: Assets/Textures/Pallet/Pallet_Displacement.exr
  artifactKey: Guid(960205a5e8d8d0f448e2992183af475a) Importer(815301076,1909f56bfc062723c751e8b465ee728b)
Start importing Assets/Textures/Pallet/Pallet_Displacement.exr using Guid(960205a5e8d8d0f448e2992183af475a) Importer(815301076,1909f56bfc062723c751e8b465ee728b)  -> (artifact id: 'bc82c8f6d9acc315d8789d7c7719cc48') in 0.016649 seconds
  Import took 0.018967 seconds .

========================================================================
Received Import Request.
  Time since last request: 18.147132 seconds.
  path: Assets/Textures/Pallet/Pallet_Normal.png
  artifactKey: Guid(2e8c59a79adf56140aeff9521b405477) Importer(815301076,1909f56bfc062723c751e8b465ee728b)
Start importing Assets/Textures/Pallet/Pallet_Normal.png using Guid(2e8c59a79adf56140aeff9521b405477) Importer(815301076,1909f56bfc062723c751e8b465ee728b)  -> (artifact id: '19f17147f0e1ba7e608bbc25767cb493') in 0.020790 seconds
  Import took 0.101263 seconds .

========================================================================
Received Import Request.
  Time since last request: 137.119434 seconds.
  path: Assets/Models/Pallet Racke.fbx
  artifactKey: Guid(a7ab972fa4c94de4fae7f2452d83c3f0) Importer(815301076,1909f56bfc062723c751e8b465ee728b)
Start importing Assets/Models/Pallet Racke.fbx using Guid(a7ab972fa4c94de4fae7f2452d83c3f0) Importer(815301076,1909f56bfc062723c751e8b465ee728b)  -> (artifact id: 'a375a327cdb16206746df9024a8ff8db') in 0.026313 seconds
  Import took 0.042271 seconds .

AssetImportWorkerClient::OnTransportError - code=2 error=End of file
